<?xml version='1.0' encoding='UTF-8' ?>
<testsuite name="com.example.demoiot.ExampleInstrumentedTest" tests="1" failures="0" errors="0" skipped="0" time="1.041" timestamp="2023-04-15T03:19:41" hostname="localhost">
  <properties>
    <property name="device" value="Pixel 2 - 11" />
    <property name="flavor" value="" />
    <property name="project" value=":app" />
  </properties>
  <testcase name="useAppContext" classname="com.example.demoiot.ExampleInstrumentedTest" time="0.013" />
</testsuite>