<?xml version="1.0" encoding="UTF-8"?>
<testsuite name="com.example.demoiot.CounterUnitTest" tests="2" skipped="0" failures="0" errors="0" timestamp="2023-04-14T13:31:21" hostname="LAP15741" time="0.0">
  <properties/>
  <testcase name="testReset" classname="com.example.demoiot.CounterUnitTest" time="0.0"/>
  <testcase name="testUpdate" classname="com.example.demoiot.CounterUnitTest" time="0.0"/>
  <system-out><![CDATA[]]></system-out>
  <system-err><![CDATA[]]></system-err>
</testsuite>
